2025-09-22 20:17:07.324 [http-nio-8080-exec-5] INFO  com.shop.aspect.MyAspect - 开始执行方法:saveOrder
2025-09-22 20:17:07.326 [http-nio-8080-exec-5] INFO  com.shop.aspect.MyAspect - 用户: 20001下单，订单参数: [OrdersVo(super=Orders(id=null, num=1, performanceId=10, price=580, userId=20001, ticketId=41, status=null, createTime=null, isDeleted=null), saleStatus=PRE_SALE)]
2025-09-22 20:17:07.387 [http-nio-8080-exec-5] INFO  com.shop.aspect.MyAspect - 用户: 20001方法【saveOrder】执行完毕，耗时: 60 ms
2025-09-22 20:17:29.016 [http-nio-8080-exec-8] INFO  com.shop.aspect.MyAspect - 开始执行方法:cancel
2025-09-22 20:17:29.016 [http-nio-8080-exec-8] INFO  com.shop.aspect.MyAspect - 用户: 20001取消订单，订单ID: [29503462920159233]
2025-09-22 20:17:29.038 [http-nio-8080-exec-8] INFO  com.shop.aspect.MyAspect - 用户: 20001方法【cancel】执行完毕，耗时: 18 ms
2025-09-22 20:18:28.454 [http-nio-8080-exec-8] INFO  com.shop.aspect.MyAspect - 开始执行方法:saveOrder
2025-09-22 20:18:28.455 [http-nio-8080-exec-8] INFO  com.shop.aspect.MyAspect - 用户: 20001下单，订单参数: [OrdersVo(super=Orders(id=null, num=1, performanceId=10, price=380, userId=20001, ticketId=40, status=null, createTime=null, isDeleted=null), saleStatus=PRE_SALE)]
2025-09-22 20:18:28.518 [http-nio-8080-exec-8] INFO  com.shop.aspect.MyAspect - 用户: 20001方法【saveOrder】执行完毕，耗时: 62 ms
2025-09-22 20:18:54.772 [http-nio-8080-exec-7] INFO  com.shop.aspect.MyAspect - 开始执行方法:cancel
2025-09-22 20:18:54.772 [http-nio-8080-exec-7] INFO  com.shop.aspect.MyAspect - 用户: 20001取消订单，订单ID: [29503464279113730]
2025-09-22 20:18:54.792 [http-nio-8080-exec-7] INFO  com.shop.aspect.MyAspect - 用户: 20001方法【cancel】执行完毕，耗时: 20 ms
2025-09-22 21:25:06.841 [http-nio-8080-exec-5] INFO  com.shop.aspect.MyAspect - 开始执行方法:saveOrder
2025-09-22 21:25:06.843 [http-nio-8080-exec-5] INFO  com.shop.aspect.MyAspect - 用户: 20001下单，订单参数: [OrdersVo(super=Orders(id=null, num=1, performanceId=9, price=580, userId=20001, ticketId=38, status=null, createTime=null, isDeleted=null), saleStatus=PRE_SALE)]
2025-09-22 21:25:06.905 [http-nio-8080-exec-5] INFO  com.shop.aspect.MyAspect - 用户: 20001方法【saveOrder】执行完毕，耗时: 62 ms
2025-09-22 21:25:44.936 [http-nio-8080-exec-8] INFO  com.shop.aspect.MyAspect - 开始执行方法:cancel
2025-09-22 21:25:44.936 [http-nio-8080-exec-8] INFO  com.shop.aspect.MyAspect - 用户: 20001取消订单，订单ID: [29503531354423299]
2025-09-22 21:25:44.953 [http-nio-8080-exec-8] INFO  com.shop.aspect.MyAspect - 用户: 20001方法【cancel】执行完毕，耗时: 17 ms
2025-09-22 21:27:18.723 [http-nio-8080-exec-3] INFO  com.shop.aspect.MyAspect - 开始执行方法:saveOrder
2025-09-22 21:27:18.724 [http-nio-8080-exec-3] INFO  com.shop.aspect.MyAspect - 用户: 20001下单，订单参数: [OrdersVo(super=Orders(id=null, num=1, performanceId=10, price=380, userId=20001, ticketId=40, status=null, createTime=null, isDeleted=null), saleStatus=PRE_SALE)]
2025-09-22 21:27:18.783 [http-nio-8080-exec-3] INFO  com.shop.aspect.MyAspect - 用户: 20001方法【saveOrder】执行完毕，耗时: 59 ms
2025-09-22 21:28:26.493 [http-nio-8080-exec-8] INFO  com.shop.aspect.MyAspect - 开始执行方法:cancel
2025-09-22 21:28:26.493 [http-nio-8080-exec-8] INFO  com.shop.aspect.MyAspect - 用户: 20001取消订单，订单ID: [29503533569015812]
2025-09-22 21:28:26.504 [http-nio-8080-exec-8] INFO  com.shop.aspect.MyAspect - 用户: 20001方法【cancel】执行完毕，耗时: 11 ms
2025-09-22 21:30:35.075 [http-nio-8080-exec-9] INFO  com.shop.aspect.MyAspect - 开始执行方法:saveOrder
2025-09-22 21:30:35.075 [http-nio-8080-exec-9] INFO  com.shop.aspect.MyAspect - 用户: 20001下单，订单参数: [OrdersVo(super=Orders(id=null, num=1, performanceId=9, price=380, userId=20001, ticketId=37, status=null, createTime=null, isDeleted=null), saleStatus=PRE_SALE)]
2025-09-22 21:30:35.085 [http-nio-8080-exec-9] INFO  com.shop.aspect.MyAspect - 用户: 20001方法【saveOrder】执行完毕，耗时: 10 ms
2025-09-22 21:31:03.059 [http-nio-8080-exec-3] INFO  com.shop.aspect.MyAspect - 开始执行方法:cancel
2025-09-22 21:31:03.059 [http-nio-8080-exec-3] INFO  com.shop.aspect.MyAspect - 用户: 20001取消订单，订单ID: [29503536874127365]
2025-09-22 21:31:03.106 [http-nio-8080-exec-3] INFO  com.shop.aspect.MyAspect - 用户: 20001方法【cancel】执行完毕，耗时: 47 ms
2025-09-22 21:32:09.062 [http-nio-8080-exec-9] INFO  com.shop.aspect.MyAspect - 开始执行方法:saveOrder
2025-09-22 21:32:09.063 [http-nio-8080-exec-9] INFO  com.shop.aspect.MyAspect - 用户: 20001下单，订单参数: [OrdersVo(super=Orders(id=null, num=1, performanceId=9, price=380, userId=20001, ticketId=37, status=null, createTime=null, isDeleted=null), saleStatus=PRE_SALE)]
2025-09-22 21:32:09.119 [http-nio-8080-exec-9] INFO  com.shop.aspect.MyAspect - 用户: 20001方法【saveOrder】执行完毕，耗时: 55 ms
2025-09-22 21:45:12.524 [http-nio-8080-exec-10] INFO  com.shop.aspect.MyAspect - 开始执行方法:saveOrder
2025-09-22 21:45:12.525 [http-nio-8080-exec-10] INFO  com.shop.aspect.MyAspect - 用户: 20001下单，订单参数: [OrdersVo(super=Orders(id=null, num=1, performanceId=9, price=380, userId=20001, ticketId=37, status=null, createTime=null, isDeleted=null), saleStatus=PRE_SALE)]
2025-09-22 21:45:12.581 [http-nio-8080-exec-10] INFO  com.shop.aspect.MyAspect - 用户: 20001方法【saveOrder】执行完毕，耗时: 55 ms
2025-09-22 21:49:49.369 [http-nio-8080-exec-9] INFO  com.shop.aspect.MyAspect - 开始执行方法:saveOrder
2025-09-22 21:49:49.371 [http-nio-8080-exec-9] INFO  com.shop.aspect.MyAspect - 用户: 20001下单，订单参数: [OrdersVo(super=Orders(id=null, num=1, performanceId=9, price=380, userId=20001, ticketId=37, status=null, createTime=null, isDeleted=null), saleStatus=PRE_SALE)]
2025-09-22 21:49:49.430 [http-nio-8080-exec-9] INFO  com.shop.aspect.MyAspect - 用户: 20001方法【saveOrder】执行完毕，耗时: 59 ms
2025-09-22 21:51:46.413 [http-nio-8080-exec-6] INFO  com.shop.aspect.MyAspect - 开始执行方法:saveOrder
2025-09-22 21:51:46.420 [http-nio-8080-exec-6] INFO  com.shop.aspect.MyAspect - 用户: 20001下单，订单参数: [OrdersVo(super=Orders(id=null, num=1, performanceId=9, price=380, userId=20001, ticketId=37, status=null, createTime=null, isDeleted=null), saleStatus=PRE_SALE)]
2025-09-22 21:51:46.541 [http-nio-8080-exec-6] INFO  com.shop.aspect.MyAspect - 用户: 20001方法【saveOrder】执行完毕，耗时: 120 ms
2025-09-22 21:57:10.842 [http-nio-8080-exec-6] INFO  com.shop.aspect.MyAspect - 开始执行方法:saveOrder
2025-09-22 21:57:10.843 [http-nio-8080-exec-6] INFO  com.shop.aspect.MyAspect - 用户: 20001下单，订单参数: [OrdersVo(super=Orders(id=null, num=1, performanceId=9, price=380, userId=20001, ticketId=37, status=null, createTime=null, isDeleted=null), saleStatus=PRE_SALE)]
2025-09-22 21:57:10.906 [http-nio-8080-exec-6] INFO  com.shop.aspect.MyAspect - 用户: 20001方法【saveOrder】执行完毕，耗时: 63 ms
2025-09-22 21:59:11.448 [http-nio-8080-exec-10] INFO  com.shop.aspect.MyAspect - 开始执行方法:saveOrder
2025-09-22 21:59:11.449 [http-nio-8080-exec-10] INFO  com.shop.aspect.MyAspect - 用户: 20001下单，订单参数: [OrdersVo(super=Orders(id=null, num=1, performanceId=9, price=380, userId=20001, ticketId=37, status=null, createTime=null, isDeleted=null), saleStatus=PRE_SALE)]
2025-09-22 21:59:11.511 [http-nio-8080-exec-10] INFO  com.shop.aspect.MyAspect - 用户: 20001方法【saveOrder】执行完毕，耗时: 62 ms
2025-09-22 22:00:38.067 [http-nio-8080-exec-10] INFO  com.shop.aspect.MyAspect - 开始执行方法:saveOrder
2025-09-22 22:00:38.068 [http-nio-8080-exec-10] INFO  com.shop.aspect.MyAspect - 用户: 20001下单，订单参数: [OrdersVo(super=Orders(id=null, num=1, performanceId=9, price=380, userId=20001, ticketId=37, status=null, createTime=null, isDeleted=null), saleStatus=PRE_SALE)]
2025-09-22 22:00:38.125 [http-nio-8080-exec-10] INFO  com.shop.aspect.MyAspect - 用户: 20001方法【saveOrder】执行完毕，耗时: 57 ms
2025-09-22 22:02:38.107 [http-nio-8080-exec-10] INFO  com.shop.aspect.MyAspect - 开始执行方法:saveOrder
2025-09-22 22:02:38.108 [http-nio-8080-exec-10] INFO  com.shop.aspect.MyAspect - 用户: 20001下单，订单参数: [OrdersVo(super=Orders(id=null, num=1, performanceId=9, price=380, userId=20001, ticketId=37, status=null, createTime=null, isDeleted=null), saleStatus=PRE_SALE)]
2025-09-22 22:02:38.169 [http-nio-8080-exec-10] INFO  com.shop.aspect.MyAspect - 用户: 20001方法【saveOrder】执行完毕，耗时: 61 ms
2025-09-22 22:06:16.088 [http-nio-8080-exec-7] INFO  com.shop.aspect.MyAspect - 开始执行方法:saveOrder
2025-09-22 22:06:16.093 [http-nio-8080-exec-7] INFO  com.shop.aspect.MyAspect - 用户: 20001下单，订单参数: [OrdersVo(super=Orders(id=null, num=1, performanceId=9, price=380, userId=20001, ticketId=37, status=null, createTime=null, isDeleted=null), saleStatus=PRE_SALE)]
2025-09-22 22:06:16.207 [http-nio-8080-exec-7] INFO  com.shop.aspect.MyAspect - 用户: 20001方法【saveOrder】执行完毕，耗时: 114 ms
2025-09-22 22:07:53.725 [http-nio-8080-exec-9] INFO  com.shop.aspect.MyAspect - 开始执行方法:saveOrder
2025-09-22 22:07:53.731 [http-nio-8080-exec-9] INFO  com.shop.aspect.MyAspect - 用户: 20001下单，订单参数: [OrdersVo(super=Orders(id=null, num=1, performanceId=9, price=380, userId=20001, ticketId=37, status=null, createTime=null, isDeleted=null), saleStatus=PRE_SALE)]
2025-09-22 22:07:53.824 [http-nio-8080-exec-9] INFO  com.shop.aspect.MyAspect - 用户: 20001方法【saveOrder】执行完毕，耗时: 93 ms
2025-09-22 22:09:30.593 [http-nio-8080-exec-9] INFO  com.shop.aspect.MyAspect - 开始执行方法:saveOrder
2025-09-22 22:09:30.598 [http-nio-8080-exec-9] INFO  com.shop.aspect.MyAspect - 用户: 20001下单，订单参数: [OrdersVo(super=Orders(id=null, num=1, performanceId=9, price=380, userId=20001, ticketId=37, status=null, createTime=null, isDeleted=null), saleStatus=PRE_SALE)]
2025-09-22 22:09:30.692 [http-nio-8080-exec-9] INFO  com.shop.aspect.MyAspect - 用户: 20001方法【saveOrder】执行完毕，耗时: 93 ms
2025-09-22 22:11:58.738 [http-nio-8080-exec-2] INFO  com.shop.aspect.MyAspect - 开始执行方法:cancel
2025-09-22 22:11:58.739 [http-nio-8080-exec-2] INFO  com.shop.aspect.MyAspect - 用户: 20001取消订单，订单ID: [29503576048926736]
2025-09-22 22:11:58.792 [http-nio-8080-exec-2] INFO  com.shop.aspect.MyAspect - 用户: 20001方法【cancel】执行完毕，耗时: 53 ms
2025-09-22 22:12:11.542 [http-nio-8080-exec-2] INFO  com.shop.aspect.MyAspect - 开始执行方法:saveOrder
2025-09-22 22:12:11.544 [http-nio-8080-exec-2] INFO  com.shop.aspect.MyAspect - 用户: 20001下单，订单参数: [OrdersVo(super=Orders(id=null, num=1, performanceId=9, price=380, userId=20001, ticketId=37, status=null, createTime=null, isDeleted=null), saleStatus=PRE_SALE)]
2025-09-22 22:12:11.594 [http-nio-8080-exec-2] INFO  com.shop.aspect.MyAspect - 用户: 20001方法【saveOrder】执行完毕，耗时: 50 ms
2025-09-22 22:15:37.010 [http-nio-8080-exec-3] INFO  com.shop.aspect.MyAspect - 开始执行方法:cancel
2025-09-22 22:15:37.010 [http-nio-8080-exec-3] INFO  com.shop.aspect.MyAspect - 用户: 20001取消订单，订单ID: [29503578750058513]
2025-09-22 22:15:37.013 [http-nio-8080-exec-3] INFO  com.shop.aspect.MyAspect - 用户: 20001方法【cancel】执行完毕，耗时: 3 ms
2025-09-22 22:15:37.823 [http-nio-8080-exec-4] INFO  com.shop.aspect.MyAspect - 开始执行方法:cancel
2025-09-22 22:15:37.823 [http-nio-8080-exec-4] INFO  com.shop.aspect.MyAspect - 用户: 20001取消订单，订单ID: [29503578750058513]
2025-09-22 22:15:37.824 [http-nio-8080-exec-4] INFO  com.shop.aspect.MyAspect - 用户: 20001方法【cancel】执行完毕，耗时: 1 ms
2025-09-22 22:15:41.773 [http-nio-8080-exec-5] INFO  com.shop.aspect.MyAspect - 开始执行方法:cancel
2025-09-22 22:15:41.774 [http-nio-8080-exec-5] INFO  com.shop.aspect.MyAspect - 用户: 20001取消订单，订单ID: [29503578750058513]
2025-09-22 22:15:41.776 [http-nio-8080-exec-5] INFO  com.shop.aspect.MyAspect - 用户: 20001方法【cancel】执行完毕，耗时: 2 ms
2025-09-22 22:15:48.679 [http-nio-8080-exec-5] INFO  com.shop.aspect.MyAspect - 开始执行方法:saveOrder
2025-09-22 22:15:48.681 [http-nio-8080-exec-5] INFO  com.shop.aspect.MyAspect - 用户: 20001下单，订单参数: [OrdersVo(super=Orders(id=null, num=1, performanceId=9, price=380, userId=20001, ticketId=37, status=null, createTime=null, isDeleted=null), saleStatus=PRE_SALE)]
2025-09-22 22:15:48.729 [http-nio-8080-exec-5] INFO  com.shop.aspect.MyAspect - 用户: 20001方法【saveOrder】执行完毕，耗时: 48 ms
2025-09-22 22:24:00.673 [http-nio-8080-exec-10] INFO  com.shop.aspect.MyAspect - 开始执行方法:saveOrder
2025-09-22 22:24:00.674 [http-nio-8080-exec-10] INFO  com.shop.aspect.MyAspect - 用户: 20001下单，订单参数: [OrdersVo(super=Orders(id=null, num=1, performanceId=9, price=380, userId=20001, ticketId=37, status=null, createTime=null, isDeleted=null), saleStatus=PRE_SALE)]
2025-09-22 22:24:00.733 [http-nio-8080-exec-10] INFO  com.shop.aspect.MyAspect - 用户: 20001方法【saveOrder】执行完毕，耗时: 59 ms
2025-09-22 22:24:43.393 [http-nio-8080-exec-9] INFO  com.shop.aspect.MyAspect - 开始执行方法:saveOrder
2025-09-22 22:24:43.394 [http-nio-8080-exec-9] INFO  com.shop.aspect.MyAspect - 用户: 20001下单，订单参数: [OrdersVo(super=Orders(id=null, num=1, performanceId=9, price=380, userId=20001, ticketId=37, status=null, createTime=null, isDeleted=null), saleStatus=PRE_SALE)]
2025-09-22 22:24:43.451 [http-nio-8080-exec-9] INFO  com.shop.aspect.MyAspect - 用户: 20001方法【saveOrder】执行完毕，耗时: 56 ms
2025-09-22 22:31:02.846 [http-nio-8080-exec-7] INFO  com.shop.aspect.MyAspect - 开始执行方法:cancel
2025-09-22 22:31:02.847 [http-nio-8080-exec-7] INFO  com.shop.aspect.MyAspect - 用户: 20001取消订单，订单ID: [29503590645104659]
2025-09-22 22:31:02.858 [http-nio-8080-exec-7] INFO  com.shop.aspect.MyAspect - 用户: 20001方法【cancel】执行完毕，耗时: 11 ms
2025-09-22 22:31:15.976 [http-nio-8080-exec-10] INFO  com.shop.aspect.MyAspect - 开始执行方法:saveOrder
2025-09-22 22:31:15.978 [http-nio-8080-exec-10] INFO  com.shop.aspect.MyAspect - 用户: 20001下单，订单参数: [OrdersVo(super=Orders(id=null, num=1, performanceId=9, price=380, userId=20001, ticketId=37, status=null, createTime=null, isDeleted=null), saleStatus=PRE_SALE)]
2025-09-22 22:31:16.030 [http-nio-8080-exec-10] INFO  com.shop.aspect.MyAspect - 用户: 20001方法【saveOrder】执行完毕，耗时: 52 ms
2025-09-22 22:32:10.660 [http-nio-8080-exec-10] INFO  com.shop.aspect.MyAspect - 开始执行方法:saveOrder
2025-09-22 22:32:10.660 [http-nio-8080-exec-10] INFO  com.shop.aspect.MyAspect - 用户: 20001下单，订单参数: [OrdersVo(super=Orders(id=null, num=1, performanceId=9, price=380, userId=20001, ticketId=37, status=null, createTime=null, isDeleted=null), saleStatus=PRE_SALE)]
2025-09-22 22:32:10.668 [http-nio-8080-exec-10] INFO  com.shop.aspect.MyAspect - 用户: 20001方法【saveOrder】执行完毕，耗时: 8 ms
2025-09-22 22:32:59.733 [http-nio-8080-exec-10] INFO  com.shop.aspect.MyAspect - 开始执行方法:saveOrder
2025-09-22 22:32:59.738 [http-nio-8080-exec-10] INFO  com.shop.aspect.MyAspect - 用户: 20001下单，订单参数: [OrdersVo(super=Orders(id=null, num=1, performanceId=9, price=380, userId=20001, ticketId=37, status=null, createTime=null, isDeleted=null), saleStatus=PRE_SALE)]
2025-09-22 22:32:59.840 [http-nio-8080-exec-10] INFO  com.shop.aspect.MyAspect - 用户: 20001方法【saveOrder】执行完毕，耗时: 102 ms
2025-09-22 22:34:16.418 [http-nio-8080-exec-9] INFO  com.shop.aspect.MyAspect - 开始执行方法:saveOrder
2025-09-22 22:34:16.420 [http-nio-8080-exec-9] INFO  com.shop.aspect.MyAspect - 用户: 20001下单，订单参数: [OrdersVo(super=Orders(id=null, num=1, performanceId=9, price=380, userId=20001, ticketId=37, status=null, createTime=null, isDeleted=null), saleStatus=PRE_SALE)]
2025-09-22 22:34:16.478 [http-nio-8080-exec-9] INFO  com.shop.aspect.MyAspect - 用户: 20001方法【saveOrder】执行完毕，耗时: 57 ms
2025-09-22 22:39:51.071 [http-nio-8080-exec-10] INFO  com.shop.aspect.MyAspect - 开始执行方法:saveOrder
2025-09-22 22:39:51.073 [http-nio-8080-exec-10] INFO  com.shop.aspect.MyAspect - 用户: 20001下单，订单参数: [OrdersVo(super=Orders(id=null, num=1, performanceId=9, price=380, userId=20001, ticketId=37, status=null, createTime=null, isDeleted=null), saleStatus=PRE_SALE)]
2025-09-22 22:39:51.132 [http-nio-8080-exec-10] INFO  com.shop.aspect.MyAspect - 用户: 20001方法【saveOrder】执行完毕，耗时: 59 ms
2025-09-22 22:40:19.253 [http-nio-8080-exec-9] INFO  com.shop.aspect.MyAspect - 开始执行方法:saveOrder
2025-09-22 22:40:19.255 [http-nio-8080-exec-9] INFO  com.shop.aspect.MyAspect - 用户: 20001下单，订单参数: [OrdersVo(super=Orders(id=null, num=1, performanceId=9, price=380, userId=20001, ticketId=37, status=null, createTime=null, isDeleted=null), saleStatus=PRE_SALE)]
2025-09-22 22:40:19.312 [http-nio-8080-exec-9] INFO  com.shop.aspect.MyAspect - 用户: 20001方法【saveOrder】执行完毕，耗时: 57 ms
2025-09-22 22:41:36.625 [http-nio-8080-exec-10] INFO  com.shop.aspect.MyAspect - 开始执行方法:saveOrder
2025-09-22 22:41:36.627 [http-nio-8080-exec-10] INFO  com.shop.aspect.MyAspect - 用户: 20001下单，订单参数: [OrdersVo(super=Orders(id=null, num=1, performanceId=9, price=380, userId=20001, ticketId=37, status=null, createTime=null, isDeleted=null), saleStatus=PRE_SALE)]
2025-09-22 22:41:36.693 [http-nio-8080-exec-10] INFO  com.shop.aspect.MyAspect - 用户: 20001方法【saveOrder】执行完毕，耗时: 66 ms
2025-09-22 23:04:56.085 [http-nio-8080-exec-4] INFO  com.shop.aspect.MyAspect - 开始执行方法:saveOrder
2025-09-22 23:04:56.086 [http-nio-8080-exec-4] INFO  com.shop.aspect.MyAspect - 用户: 20001下单，订单参数: [OrdersVo(super=Orders(id=null, num=1, performanceId=9, price=580, userId=20001, ticketId=38, status=null, createTime=null, isDeleted=null), saleStatus=PRE_SALE)]
2025-09-22 23:04:56.145 [http-nio-8080-exec-4] INFO  com.shop.aspect.MyAspect - 用户: 20001方法【saveOrder】执行完毕，耗时: 57 ms
